<?xml version="1.0" encoding="UTF-8"?>
<!-- Generated by org.testng.reporters.JUnitXMLReporter -->
<testsuite hostname="KGML002" name="Test" tests="3" failures="0" timestamp="22 Nov 2016 13:17:45 GMT" time="88.191" errors="0">
  <testcase name="studioSignIn" time="1.776" classname="com.kagami.smoketestsuite.SmokeTestSuite"/>
  <testcase name="projectCreation" time="78.731" classname="com.kagami.smoketestsuite.SmokeTestSuite"/>
  <testcase name="studioSignOut" time="0.767" classname="com.kagami.smoketestsuite.SmokeTestSuite"/>
</testsuite> <!-- Test -->
