<?xml version="1.0" encoding="UTF-8"?>
<!-- Generated by org.testng.reporters.JUnitXMLReporter -->
<testsuite hostname="KGML002" name="Test" tests="5" failures="1" timestamp="18 Nov 2016 13:05:30 GMT" time="139.136" errors="0">
  <testcase name="studioSignIn" time="2.071" classname="com.kagami.smoketestsuite.SmokeTestSuite"/>
  <testcase name="projectCreation" time="59.17" classname="com.kagami.smoketestsuite.SmokeTestSuite"/>
  <testcase name="newOrgCreation" time="58.358" classname="com.kagami.smoketestsuite.SmokeTestSuite"/>
  <testcase name="newEntityCreation" time="11.276" classname="com.kagami.smoketestsuite.SmokeTestSuite"/>
  <testcase name="studioLogout" time="0.422" classname="com.kagami.smoketestsuite.SmokeTestSuite">
    <failure type="java.lang.NullPointerException">
      <![CDATA[java.lang.NullPointerException
	at com.kagami.studio.StudioCommonMethods.studioLogOut(StudioCommonMethods.java:151)
	at com.kagami.smoketestsuite.SmokeTestSuite.studioLogout(SmokeTestSuite.java:85)
... Removed 24 stack frames]]>
    </failure>
  </testcase> <!-- studioLogout -->
</testsuite> <!-- Test -->
