<?xml version="1.0" encoding="UTF-8"?>
<!-- Generated by org.testng.reporters.JUnitXMLReporter -->
<testsuite hostname="KGML002" name="Default test" tests="3" failures="0" timestamp="23 Dec 2016 06:43:24 GMT" time="54.427" errors="0">
  <testcase name="studioSignIn" time="4.554" classname="com.kagami.editcomponent.EditComponentTestSuite"/>
  <testcase name="projectCreationAndEdit" time="7.995" classname="com.kagami.editcomponent.EditComponentTestSuite"/>
  <testcase name="moduleProcessCreationAndEdit" time="35.931" classname="com.kagami.editcomponent.EditComponentTestSuite"/>
</testsuite> <!-- Default test -->
