<?xml version="1.0" encoding="UTF-8"?>
<!-- Generated by org.testng.reporters.JUnitXMLReporter -->
<testsuite hostname="KGML002" name="Default test" tests="7" failures="0" timestamp="23 Nov 2016 07:50:06 GMT" time="333.243" errors="0">
  <testcase name="studioSignIn" time="1.731" classname="com.kagami.smoketestsuite.SmokeTestSuite"/>
  <testcase name="newOrgCreation" time="57.988" classname="com.kagami.smoketestsuite.SmokeTestSuite"/>
  <testcase name="entityCreation" time="87.584" classname="com.kagami.smoketestsuite.SmokeTestSuite"/>
  <testcase name="projectCreation" time="53.661" classname="com.kagami.smoketestsuite.SmokeTestSuite"/>
  <testcase name="dashBoardCreation" time="27.996" classname="com.kagami.smoketestsuite.SmokeTestSuite"/>
  <testcase name="bulkProjectCreation" time="93.603" classname="com.kagami.smoketestsuite.SmokeTestSuite"/>
  <testcase name="studioSignOut" time="0.868" classname="com.kagami.smoketestsuite.SmokeTestSuite"/>
</testsuite> <!-- Default test -->
